2024-12-25 05:47:16,527 - INFO - Starting recording session
2024-12-25 05:47:32,846 - INFO - Loading spaCy model...
2024-12-25 05:47:33,417 - INFO - spaCy model loaded successfully
2024-12-25 05:47:44,542 - INFO - Report saved to data/analysis_report_20241225_054744.txt
2024-12-25 05:56:26,502 - INFO - Found 725 existing recordings
2024-12-25 05:56:26,503 - INFO - Loading metadata from data/metadata/metadata.csv
2024-12-25 05:56:26,509 - INFO - Preparing dataset for upload
2024-12-25 05:56:26,514 - INFO - Found 1 new recordings to upload
2024-12-25 05:56:26,531 - INFO - Uploading dataset to pauljunsukhan/throatmic_codered
2024-12-25 05:56:26,531 - INFO - Uploading dataset card...
2024-12-25 05:56:27,285 - INFO - Dataset card uploaded successfully
2024-12-25 05:56:28,994 - INFO - Found existing dataset with 725 examples
2024-12-25 05:56:28,995 - INFO - Creating new dataset (no existing dataset found: The features can't be aligned because the key audio of features {'audio': Audio(sampling_rate=16000, mono=True, decode=True, id=None), 'text': Value(dtype='string', id=None), 'duration': Value(dtype='float32', id=None)} has unexpected type - Audio(sampling_rate=16000, mono=True, decode=True, id=None) (expected either Audio(sampling_rate=None, mono=True, decode=True, id=None) or Value("null").)
2024-12-25 05:56:30,354 - INFO - Successfully uploaded dataset!
2024-12-25 05:57:51,084 - INFO - Found 1 existing recordings
2024-12-25 05:57:51,084 - INFO - Loading metadata from data/metadata/metadata.csv
2024-12-25 05:57:51,089 - INFO - Preparing dataset for upload
2024-12-25 05:57:51,096 - INFO - Found 723 new recordings to upload
2024-12-25 05:57:51,134 - INFO - Uploading dataset to pauljunsukhan/throatmic_codered
2024-12-25 05:57:51,134 - INFO - Uploading dataset card...
2024-12-25 05:57:51,536 - INFO - Dataset card uploaded successfully
2024-12-25 05:57:52,647 - INFO - Found existing dataset with 1 examples
2024-12-25 05:57:52,647 - INFO - Creating new dataset (no existing dataset found: The features can't be aligned because the key audio of features {'audio': Audio(sampling_rate=16000, mono=True, decode=True, id=None), 'text': Value(dtype='string', id=None), 'duration': Value(dtype='float32', id=None)} has unexpected type - Audio(sampling_rate=16000, mono=True, decode=True, id=None) (expected either Audio(sampling_rate=None, mono=True, decode=True, id=None) or Value("null").)
2024-12-25 05:59:06,646 - INFO - Successfully uploaded dataset!
